<?xml version="1.0" encoding="UTF-8"?>
<!-- Generated by org.testng.reporters.JUnitReportReporter -->
<testsuite hostname="FVFF75WVQ05N.local" failures="0" tests="1" name="tests.ICRM.proptiger.Test_Case_1" time="0.881" errors="0" timestamp="2021-07-13T15:58:31 IST" skipped="0">
  <testcase classname="tests.ICRM.proptiger.Test_Case_1" name="enter_user_details" time="0.881"/>
  <system-out/>
</testsuite> <!-- tests.ICRM.proptiger.Test_Case_1 -->
